

Started GET "/" for 127.0.0.1 at 2016-06-30 17:48:20 +0530

ActiveRecord::NoDatabaseError (FATAL:  database "myapp_development" does not exist
):
  vendor/cache/gems/activerecord-4.2.6/lib/active_record/connection_adapters/postgresql_adapter.rb:661:in `rescue in connect'
  vendor/cache/gems/activerecord-4.2.6/lib/active_record/connection_adapters/postgresql_adapter.rb:651:in `connect'
  vendor/cache/gems/activerecord-4.2.6/lib/active_record/connection_adapters/postgresql_adapter.rb:242:in `initialize'
  vendor/cache/gems/activerecord-4.2.6/lib/active_record/connection_adapters/postgresql_adapter.rb:44:in `new'
  vendor/cache/gems/activerecord-4.2.6/lib/active_record/connection_adapters/postgresql_adapter.rb:44:in `postgresql_connection'
  vendor/cache/gems/activerecord-4.2.6/lib/active_record/connection_adapters/abstract/connection_pool.rb:438:in `new_connection'
  vendor/cache/gems/activerecord-4.2.6/lib/active_record/connection_adapters/abstract/connection_pool.rb:448:in `checkout_new_connection'
  vendor/cache/gems/activerecord-4.2.6/lib/active_record/connection_adapters/abstract/connection_pool.rb:422:in `acquire_connection'
  vendor/cache/gems/activerecord-4.2.6/lib/active_record/connection_adapters/abstract/connection_pool.rb:349:in `block in checkout'
  /home/chandra/.rbenv/versions/2.3.1/lib/ruby/2.3.0/monitor.rb:214:in `mon_synchronize'
  vendor/cache/gems/activerecord-4.2.6/lib/active_record/connection_adapters/abstract/connection_pool.rb:348:in `checkout'
  vendor/cache/gems/activerecord-4.2.6/lib/active_record/connection_adapters/abstract/connection_pool.rb:263:in `block in connection'
  /home/chandra/.rbenv/versions/2.3.1/lib/ruby/2.3.0/monitor.rb:214:in `mon_synchronize'
  vendor/cache/gems/activerecord-4.2.6/lib/active_record/connection_adapters/abstract/connection_pool.rb:262:in `connection'
  vendor/cache/gems/activerecord-4.2.6/lib/active_record/connection_adapters/abstract/connection_pool.rb:571:in `retrieve_connection'
  vendor/cache/gems/activerecord-4.2.6/lib/active_record/connection_handling.rb:113:in `retrieve_connection'
  vendor/cache/gems/activerecord-4.2.6/lib/active_record/connection_handling.rb:87:in `connection'
  vendor/cache/gems/activerecord-4.2.6/lib/active_record/migration.rb:383:in `connection'
  vendor/cache/gems/activerecord-4.2.6/lib/active_record/migration.rb:370:in `call'
  vendor/cache/gems/actionpack-4.2.6/lib/action_dispatch/middleware/callbacks.rb:29:in `block in call'
  vendor/cache/gems/activesupport-4.2.6/lib/active_support/callbacks.rb:88:in `__run_callbacks__'
  vendor/cache/gems/activesupport-4.2.6/lib/active_support/callbacks.rb:778:in `_run_call_callbacks'
  vendor/cache/gems/activesupport-4.2.6/lib/active_support/callbacks.rb:81:in `run_callbacks'
  vendor/cache/gems/actionpack-4.2.6/lib/action_dispatch/middleware/callbacks.rb:27:in `call'
  vendor/cache/gems/actionpack-4.2.6/lib/action_dispatch/middleware/reloader.rb:73:in `call'
  vendor/cache/gems/actionpack-4.2.6/lib/action_dispatch/middleware/remote_ip.rb:78:in `call'
  vendor/cache/gems/actionpack-4.2.6/lib/action_dispatch/middleware/debug_exceptions.rb:17:in `call'
  vendor/cache/gems/web-console-2.3.0/lib/web_console/middleware.rb:28:in `block in call'
  vendor/cache/gems/web-console-2.3.0/lib/web_console/middleware.rb:18:in `catch'
  vendor/cache/gems/web-console-2.3.0/lib/web_console/middleware.rb:18:in `call'
  vendor/cache/gems/actionpack-4.2.6/lib/action_dispatch/middleware/show_exceptions.rb:30:in `call'
  vendor/cache/gems/railties-4.2.6/lib/rails/rack/logger.rb:38:in `call_app'
  vendor/cache/gems/railties-4.2.6/lib/rails/rack/logger.rb:20:in `block in call'
  vendor/cache/gems/activesupport-4.2.6/lib/active_support/tagged_logging.rb:68:in `block in tagged'
  vendor/cache/gems/activesupport-4.2.6/lib/active_support/tagged_logging.rb:26:in `tagged'
  vendor/cache/gems/activesupport-4.2.6/lib/active_support/tagged_logging.rb:68:in `tagged'
  vendor/cache/gems/railties-4.2.6/lib/rails/rack/logger.rb:20:in `call'
  vendor/cache/gems/actionpack-4.2.6/lib/action_dispatch/middleware/request_id.rb:21:in `call'
  vendor/cache/gems/rack-1.6.4/lib/rack/methodoverride.rb:22:in `call'
  vendor/cache/gems/rack-1.6.4/lib/rack/runtime.rb:18:in `call'
  vendor/cache/gems/activesupport-4.2.6/lib/active_support/cache/strategy/local_cache_middleware.rb:28:in `call'
  vendor/cache/gems/rack-1.6.4/lib/rack/lock.rb:17:in `call'
  vendor/cache/gems/actionpack-4.2.6/lib/action_dispatch/middleware/static.rb:120:in `call'
  vendor/cache/gems/rack-1.6.4/lib/rack/sendfile.rb:113:in `call'
  vendor/cache/gems/railties-4.2.6/lib/rails/engine.rb:518:in `call'
  vendor/cache/gems/railties-4.2.6/lib/rails/application.rb:165:in `call'
  vendor/cache/gems/rack-1.6.4/lib/rack/lock.rb:17:in `call'
  vendor/cache/gems/rack-1.6.4/lib/rack/content_length.rb:15:in `call'
  vendor/cache/gems/rack-1.6.4/lib/rack/handler/webrick.rb:88:in `service'
  /home/chandra/.rbenv/versions/2.3.1/lib/ruby/2.3.0/webrick/httpserver.rb:140:in `service'
  /home/chandra/.rbenv/versions/2.3.1/lib/ruby/2.3.0/webrick/httpserver.rb:96:in `run'
  /home/chandra/.rbenv/versions/2.3.1/lib/ruby/2.3.0/webrick/server.rb:296:in `block in start_thread'


  Rendered vendor/cache/gems/actionpack-4.2.6/lib/action_dispatch/middleware/templates/rescues/_source.erb (2.2ms)
  Rendered vendor/cache/gems/actionpack-4.2.6/lib/action_dispatch/middleware/templates/rescues/_trace.html.erb (1.5ms)
  Rendered vendor/cache/gems/actionpack-4.2.6/lib/action_dispatch/middleware/templates/rescues/_request_and_response.html.erb (0.6ms)
  Rendered vendor/cache/gems/actionpack-4.2.6/lib/action_dispatch/middleware/templates/rescues/diagnostics.html.erb within rescues/layout (14.9ms)
  Rendered vendor/cache/gems/web-console-2.3.0/lib/web_console/templates/_markup.html.erb (0.2ms)
  Rendered vendor/cache/gems/web-console-2.3.0/lib/web_console/templates/_inner_console_markup.html.erb within layouts/inlined_string (0.2ms)
  Rendered vendor/cache/gems/web-console-2.3.0/lib/web_console/templates/_prompt_box_markup.html.erb within layouts/inlined_string (0.2ms)
  Rendered vendor/cache/gems/web-console-2.3.0/lib/web_console/templates/style.css.erb within layouts/inlined_string (0.3ms)
  Rendered vendor/cache/gems/web-console-2.3.0/lib/web_console/templates/console.js.erb within layouts/javascript (14.7ms)
  Rendered vendor/cache/gems/web-console-2.3.0/lib/web_console/templates/main.js.erb within layouts/javascript (0.2ms)
  Rendered vendor/cache/gems/web-console-2.3.0/lib/web_console/templates/error_page.js.erb within layouts/javascript (0.2ms)
  Rendered vendor/cache/gems/web-console-2.3.0/lib/web_console/templates/index.html.erb (28.0ms)


Started GET "/" for 127.0.0.1 at 2016-06-30 17:49:19 +0530
Processing by WelcomeController#index as HTML
  Rendered welcome/index.html.erb within layouts/application (0.8ms)
Completed 200 OK in 986ms (Views: 979.6ms | ActiveRecord: 0.0ms)


Started GET "/assets/welcome.self-e3b0c44298fc1c149afbf4c8996fb92427ae41e4649b934ca495991b7852b855.css?body=1" for 127.0.0.1 at 2016-06-30 17:49:20 +0530


Started GET "/assets/welcome.self-877aef30ae1b040ab8a3aba4e3e309a11d7f2612f44dde450b5c157aa5f95c05.js?body=1" for 127.0.0.1 at 2016-06-30 17:49:20 +0530
  [1m[36mActiveRecord::SchemaMigration Load (27.2ms)[0m  [1mSELECT "schema_migrations".* FROM "schema_migrations"[0m
Migrating to CreateRates (20160630123654)
  [1m[35m (0.1ms)[0m  BEGIN
  [1m[36m (314.6ms)[0m  [1mCREATE TABLE "rates" ("id" serial primary key, "name" character varying, "created_at" timestamp NOT NULL, "updated_at" timestamp NOT NULL) [0m
  [1m[35mSQL (0.2ms)[0m  INSERT INTO "schema_migrations" ("version") VALUES ($1)  [["version", "20160630123654"]]
  [1m[36m (19.4ms)[0m  [1mCOMMIT[0m
  [1m[35mActiveRecord::SchemaMigration Load (0.1ms)[0m  SELECT "schema_migrations".* FROM "schema_migrations"
  [1m[36m (1.6ms)[0m  [1mSELECT t2.oid::regclass::text AS to_table, a1.attname AS column, a2.attname AS primary_key, c.conname AS name, c.confupdtype AS on_update, c.confdeltype AS on_delete
FROM pg_constraint c
JOIN pg_class t1 ON c.conrelid = t1.oid
JOIN pg_class t2 ON c.confrelid = t2.oid
JOIN pg_attribute a1 ON a1.attnum = c.conkey[1] AND a1.attrelid = t1.oid
JOIN pg_attribute a2 ON a2.attnum = c.confkey[1] AND a2.attrelid = t2.oid
JOIN pg_namespace t3 ON c.connamespace = t3.oid
WHERE c.contype = 'f'
  AND t1.relname = 'ar_internal_metadata'
  AND t3.nspname = ANY (current_schemas(false))
ORDER BY c.conname
[0m
  [1m[35m (1.4ms)[0m  SELECT t2.oid::regclass::text AS to_table, a1.attname AS column, a2.attname AS primary_key, c.conname AS name, c.confupdtype AS on_update, c.confdeltype AS on_delete
FROM pg_constraint c
JOIN pg_class t1 ON c.conrelid = t1.oid
JOIN pg_class t2 ON c.confrelid = t2.oid
JOIN pg_attribute a1 ON a1.attnum = c.conkey[1] AND a1.attrelid = t1.oid
JOIN pg_attribute a2 ON a2.attnum = c.confkey[1] AND a2.attrelid = t2.oid
JOIN pg_namespace t3 ON c.connamespace = t3.oid
WHERE c.contype = 'f'
  AND t1.relname = 'competition_results'
  AND t3.nspname = ANY (current_schemas(false))
ORDER BY c.conname

  [1m[36m (1.5ms)[0m  [1mSELECT t2.oid::regclass::text AS to_table, a1.attname AS column, a2.attname AS primary_key, c.conname AS name, c.confupdtype AS on_update, c.confdeltype AS on_delete
FROM pg_constraint c
JOIN pg_class t1 ON c.conrelid = t1.oid
JOIN pg_class t2 ON c.confrelid = t2.oid
JOIN pg_attribute a1 ON a1.attnum = c.conkey[1] AND a1.attrelid = t1.oid
JOIN pg_attribute a2 ON a2.attnum = c.confkey[1] AND a2.attrelid = t2.oid
JOIN pg_namespace t3 ON c.connamespace = t3.oid
WHERE c.contype = 'f'
  AND t1.relname = 'competitions'
  AND t3.nspname = ANY (current_schemas(false))
ORDER BY c.conname
[0m
  [1m[35m (1.5ms)[0m  SELECT t2.oid::regclass::text AS to_table, a1.attname AS column, a2.attname AS primary_key, c.conname AS name, c.confupdtype AS on_update, c.confdeltype AS on_delete
FROM pg_constraint c
JOIN pg_class t1 ON c.conrelid = t1.oid
JOIN pg_class t2 ON c.confrelid = t2.oid
JOIN pg_attribute a1 ON a1.attnum = c.conkey[1] AND a1.attrelid = t1.oid
JOIN pg_attribute a2 ON a2.attnum = c.confkey[1] AND a2.attrelid = t2.oid
JOIN pg_namespace t3 ON c.connamespace = t3.oid
WHERE c.contype = 'f'
  AND t1.relname = 'countries'
  AND t3.nspname = ANY (current_schemas(false))
ORDER BY c.conname

  [1m[36m (1.5ms)[0m  [1mSELECT t2.oid::regclass::text AS to_table, a1.attname AS column, a2.attname AS primary_key, c.conname AS name, c.confupdtype AS on_update, c.confdeltype AS on_delete
FROM pg_constraint c
JOIN pg_class t1 ON c.conrelid = t1.oid
JOIN pg_class t2 ON c.confrelid = t2.oid
JOIN pg_attribute a1 ON a1.attnum = c.conkey[1] AND a1.attrelid = t1.oid
JOIN pg_attribute a2 ON a2.attnum = c.confkey[1] AND a2.attrelid = t2.oid
JOIN pg_namespace t3 ON c.connamespace = t3.oid
WHERE c.contype = 'f'
  AND t1.relname = 'galleries'
  AND t3.nspname = ANY (current_schemas(false))
ORDER BY c.conname
[0m
  [1m[35m (1.5ms)[0m  SELECT t2.oid::regclass::text AS to_table, a1.attname AS column, a2.attname AS primary_key, c.conname AS name, c.confupdtype AS on_update, c.confdeltype AS on_delete
FROM pg_constraint c
JOIN pg_class t1 ON c.conrelid = t1.oid
JOIN pg_class t2 ON c.confrelid = t2.oid
JOIN pg_attribute a1 ON a1.attnum = c.conkey[1] AND a1.attrelid = t1.oid
JOIN pg_attribute a2 ON a2.attnum = c.confkey[1] AND a2.attrelid = t2.oid
JOIN pg_namespace t3 ON c.connamespace = t3.oid
WHERE c.contype = 'f'
  AND t1.relname = 'herks'
  AND t3.nspname = ANY (current_schemas(false))
ORDER BY c.conname

  [1m[36m (1.5ms)[0m  [1mSELECT t2.oid::regclass::text AS to_table, a1.attname AS column, a2.attname AS primary_key, c.conname AS name, c.confupdtype AS on_update, c.confdeltype AS on_delete
FROM pg_constraint c
JOIN pg_class t1 ON c.conrelid = t1.oid
JOIN pg_class t2 ON c.confrelid = t2.oid
JOIN pg_attribute a1 ON a1.attnum = c.conkey[1] AND a1.attrelid = t1.oid
JOIN pg_attribute a2 ON a2.attnum = c.confkey[1] AND a2.attrelid = t2.oid
JOIN pg_namespace t3 ON c.connamespace = t3.oid
WHERE c.contype = 'f'
  AND t1.relname = 'high_scores'
  AND t3.nspname = ANY (current_schemas(false))
ORDER BY c.conname
[0m
  [1m[35m (1.5ms)[0m  SELECT t2.oid::regclass::text AS to_table, a1.attname AS column, a2.attname AS primary_key, c.conname AS name, c.confupdtype AS on_update, c.confdeltype AS on_delete
FROM pg_constraint c
JOIN pg_class t1 ON c.conrelid = t1.oid
JOIN pg_class t2 ON c.confrelid = t2.oid
JOIN pg_attribute a1 ON a1.attnum = c.conkey[1] AND a1.attrelid = t1.oid
JOIN pg_attribute a2 ON a2.attnum = c.confkey[1] AND a2.attrelid = t2.oid
JOIN pg_namespace t3 ON c.connamespace = t3.oid
WHERE c.contype = 'f'
  AND t1.relname = 'images'
  AND t3.nspname = ANY (current_schemas(false))
ORDER BY c.conname

  [1m[36m (1.5ms)[0m  [1mSELECT t2.oid::regclass::text AS to_table, a1.attname AS column, a2.attname AS primary_key, c.conname AS name, c.confupdtype AS on_update, c.confdeltype AS on_delete
FROM pg_constraint c
JOIN pg_class t1 ON c.conrelid = t1.oid
JOIN pg_class t2 ON c.confrelid = t2.oid
JOIN pg_attribute a1 ON a1.attnum = c.conkey[1] AND a1.attrelid = t1.oid
JOIN pg_attribute a2 ON a2.attnum = c.confkey[1] AND a2.attrelid = t2.oid
JOIN pg_namespace t3 ON c.connamespace = t3.oid
WHERE c.contype = 'f'
  AND t1.relname = 'pictures'
  AND t3.nspname = ANY (current_schemas(false))
ORDER BY c.conname
[0m
  [1m[35m (1.5ms)[0m  SELECT t2.oid::regclass::text AS to_table, a1.attname AS column, a2.attname AS primary_key, c.conname AS name, c.confupdtype AS on_update, c.confdeltype AS on_delete
FROM pg_constraint c
JOIN pg_class t1 ON c.conrelid = t1.oid
JOIN pg_class t2 ON c.confrelid = t2.oid
JOIN pg_attribute a1 ON a1.attnum = c.conkey[1] AND a1.attrelid = t1.oid
JOIN pg_attribute a2 ON a2.attnum = c.confkey[1] AND a2.attrelid = t2.oid
JOIN pg_namespace t3 ON c.connamespace = t3.oid
WHERE c.contype = 'f'
  AND t1.relname = 'products'
  AND t3.nspname = ANY (current_schemas(false))
ORDER BY c.conname

  [1m[36m (1.5ms)[0m  [1mSELECT t2.oid::regclass::text AS to_table, a1.attname AS column, a2.attname AS primary_key, c.conname AS name, c.confupdtype AS on_update, c.confdeltype AS on_delete
FROM pg_constraint c
JOIN pg_class t1 ON c.conrelid = t1.oid
JOIN pg_class t2 ON c.confrelid = t2.oid
JOIN pg_attribute a1 ON a1.attnum = c.conkey[1] AND a1.attrelid = t1.oid
JOIN pg_attribute a2 ON a2.attnum = c.confkey[1] AND a2.attrelid = t2.oid
JOIN pg_namespace t3 ON c.connamespace = t3.oid
WHERE c.contype = 'f'
  AND t1.relname = 'rates'
  AND t3.nspname = ANY (current_schemas(false))
ORDER BY c.conname
[0m
  [1m[35m (1.5ms)[0m  SELECT t2.oid::regclass::text AS to_table, a1.attname AS column, a2.attname AS primary_key, c.conname AS name, c.confupdtype AS on_update, c.confdeltype AS on_delete
FROM pg_constraint c
JOIN pg_class t1 ON c.conrelid = t1.oid
JOIN pg_class t2 ON c.confrelid = t2.oid
JOIN pg_attribute a1 ON a1.attnum = c.conkey[1] AND a1.attrelid = t1.oid
JOIN pg_attribute a2 ON a2.attnum = c.confkey[1] AND a2.attrelid = t2.oid
JOIN pg_namespace t3 ON c.connamespace = t3.oid
WHERE c.contype = 'f'
  AND t1.relname = 'services'
  AND t3.nspname = ANY (current_schemas(false))
ORDER BY c.conname

  [1m[36m (1.5ms)[0m  [1mSELECT t2.oid::regclass::text AS to_table, a1.attname AS column, a2.attname AS primary_key, c.conname AS name, c.confupdtype AS on_update, c.confdeltype AS on_delete
FROM pg_constraint c
JOIN pg_class t1 ON c.conrelid = t1.oid
JOIN pg_class t2 ON c.confrelid = t2.oid
JOIN pg_attribute a1 ON a1.attnum = c.conkey[1] AND a1.attrelid = t1.oid
JOIN pg_attribute a2 ON a2.attnum = c.confkey[1] AND a2.attrelid = t2.oid
JOIN pg_namespace t3 ON c.connamespace = t3.oid
WHERE c.contype = 'f'
  AND t1.relname = 'sporters'
  AND t3.nspname = ANY (current_schemas(false))
ORDER BY c.conname
[0m
  [1m[35m (1.5ms)[0m  SELECT t2.oid::regclass::text AS to_table, a1.attname AS column, a2.attname AS primary_key, c.conname AS name, c.confupdtype AS on_update, c.confdeltype AS on_delete
FROM pg_constraint c
JOIN pg_class t1 ON c.conrelid = t1.oid
JOIN pg_class t2 ON c.confrelid = t2.oid
JOIN pg_attribute a1 ON a1.attnum = c.conkey[1] AND a1.attrelid = t1.oid
JOIN pg_attribute a2 ON a2.attnum = c.confkey[1] AND a2.attrelid = t2.oid
JOIN pg_namespace t3 ON c.connamespace = t3.oid
WHERE c.contype = 'f'
  AND t1.relname = 'users'
  AND t3.nspname = ANY (current_schemas(false))
ORDER BY c.conname

